[35m[1mScanning dependencies of target _sensor_msgs_generate_messages_check_deps_TimeReference[0m
[  0%] Built target _sensor_msgs_generate_messages_check_deps_TimeReference
[35m[1mScanning dependencies of target _sensor_msgs_generate_messages_check_deps_LaserEcho[0m
[  0%] Built target _sensor_msgs_generate_messages_check_deps_LaserEcho
[35m[1mScanning dependencies of target _sensor_msgs_generate_messages_check_deps_Illuminance[0m
[  0%] Built target _sensor_msgs_generate_messages_check_deps_Illuminance
[35m[1mScanning dependencies of target _sensor_msgs_generate_messages_check_deps_CompressedImage[0m
[  0%] Built target _sensor_msgs_generate_messages_check_deps_CompressedImage
[35m[1mScanning dependencies of target _sensor_msgs_generate_messages_check_deps_CameraInfo[0m
[  0%] Built target _sensor_msgs_generate_messages_check_deps_CameraInfo
[35m[1mScanning dependencies of target _sensor_msgs_generate_messages_check_deps_MultiEchoLaserScan[0m
[  0%] Built target _sensor_msgs_generate_messages_check_deps_MultiEchoLaserScan
[35m[1mScanning dependencies of target _sensor_msgs_generate_messages_check_deps_Joy[0m
[  0%] Built target _sensor_msgs_generate_messages_check_deps_Joy
[35m[1mScanning dependencies of target _sensor_msgs_generate_messages_check_deps_ChannelFloat32[0m
[  0%] Built target _sensor_msgs_generate_messages_check_deps_ChannelFloat32
[35m[1mScanning dependencies of target _sensor_msgs_generate_messages_check_deps_JoyFeedback[0m
[  0%] Built target _sensor_msgs_generate_messages_check_deps_JoyFeedback
[35m[1mScanning dependencies of target _sensor_msgs_generate_messages_check_deps_PointCloud[0m
[  0%] Built target _sensor_msgs_generate_messages_check_deps_PointCloud
[35m[1mScanning dependencies of target _sensor_msgs_generate_messages_check_deps_JointState[0m
[  0%] Built target _sensor_msgs_generate_messages_check_deps_JointState
[35m[1mScanning dependencies of target _sensor_msgs_generate_messages_check_deps_Imu[0m
[  0%] Built target _sensor_msgs_generate_messages_check_deps_Imu
[35m[1mScanning dependencies of target _sensor_msgs_generate_messages_check_deps_MagneticField[0m
[  0%] Built target _sensor_msgs_generate_messages_check_deps_MagneticField
[35m[1mScanning dependencies of target _sensor_msgs_generate_messages_check_deps_FluidPressure[0m
[  0%] Built target _sensor_msgs_generate_messages_check_deps_FluidPressure
[35m[1mScanning dependencies of target _sensor_msgs_generate_messages_check_deps_Image[0m
[  0%] Built target _sensor_msgs_generate_messages_check_deps_Image
[35m[1mScanning dependencies of target _sensor_msgs_generate_messages_check_deps_LaserScan[0m
[35m[1mScanning dependencies of target geometry_msgs_generate_messages_lisp[0m
[  0%] Built target geometry_msgs_generate_messages_lisp
[  0%] Built target _sensor_msgs_generate_messages_check_deps_LaserScan
[35m[1mScanning dependencies of target _sensor_msgs_generate_messages_check_deps_SetCameraInfo[0m
[  0%] Built target _sensor_msgs_generate_messages_check_deps_SetCameraInfo
[35m[1mScanning dependencies of target _sensor_msgs_generate_messages_check_deps_JoyFeedbackArray[0m
[35m[1mScanning dependencies of target std_msgs_generate_messages_lisp[0m
[  0%] Built target std_msgs_generate_messages_lisp
[  0%] Built target _sensor_msgs_generate_messages_check_deps_JoyFeedbackArray
[35m[1mScanning dependencies of target _sensor_msgs_generate_messages_check_deps_PointCloud2[0m
[35m[1mScanning dependencies of target _sensor_msgs_generate_messages_check_deps_MultiDOFJointState[0m
[  0%] Built target _sensor_msgs_generate_messages_check_deps_PointCloud2
[35m[1mScanning dependencies of target _sensor_msgs_generate_messages_check_deps_NavSatFix[0m
[  0%] Built target _sensor_msgs_generate_messages_check_deps_MultiDOFJointState
[  0%] Built target _sensor_msgs_generate_messages_check_deps_NavSatFix
[35m[1mScanning dependencies of target _sensor_msgs_generate_messages_check_deps_NavSatStatus[0m
[  0%] Built target _sensor_msgs_generate_messages_check_deps_NavSatStatus
[35m[1mScanning dependencies of target _sensor_msgs_generate_messages_check_deps_PointField[0m
[  0%] Built target _sensor_msgs_generate_messages_check_deps_PointField
[35m[1mScanning dependencies of target _sensor_msgs_generate_messages_check_deps_Range[0m
[35m[1mScanning dependencies of target _sensor_msgs_generate_messages_check_deps_RegionOfInterest[0m
[  0%] Built target _sensor_msgs_generate_messages_check_deps_Range
[35m[1mScanning dependencies of target _sensor_msgs_generate_messages_check_deps_RelativeHumidity[0m
[  0%] Built target _sensor_msgs_generate_messages_check_deps_RegionOfInterest
[35m[1mScanning dependencies of target _sensor_msgs_generate_messages_check_deps_Temperature[0m
[  0%] Built target _sensor_msgs_generate_messages_check_deps_RelativeHumidity
[  0%] Built target _sensor_msgs_generate_messages_check_deps_Temperature
[35m[1mScanning dependencies of target _sensor_msgs_generate_messages_check_deps_BatteryState[0m
[  0%] Built target _sensor_msgs_generate_messages_check_deps_BatteryState
[35m[1mScanning dependencies of target geometry_msgs_generate_messages_py[0m
[  0%] Built target geometry_msgs_generate_messages_py
[35m[1mScanning dependencies of target std_msgs_generate_messages_py[0m
[  0%] Built target std_msgs_generate_messages_py
[35m[1mScanning dependencies of target std_msgs_generate_messages_nodejs[0m
[  0%] Built target std_msgs_generate_messages_nodejs
[35m[1mScanning dependencies of target geometry_msgs_generate_messages_nodejs[0m
[  0%] Built target geometry_msgs_generate_messages_nodejs
[35m[1mScanning dependencies of target geometry_msgs_generate_messages_cpp[0m
[  0%] Built target geometry_msgs_generate_messages_cpp
[35m[1mScanning dependencies of target std_msgs_generate_messages_cpp[0m
[  0%] Built target std_msgs_generate_messages_cpp
[35m[1mScanning dependencies of target geometry_msgs_generate_messages_eus[0m
[  0%] Built target geometry_msgs_generate_messages_eus
[35m[1mScanning dependencies of target std_msgs_generate_messages_eus[0m
[  0%] Built target std_msgs_generate_messages_eus
[35m[1mScanning dependencies of target sensor_msgs_generate_messages_lisp[0m
[  1%] [34m[1mGenerating Lisp code from sensor_msgs/BatteryState.msg[0m
[  2%] [34m[1mGenerating Lisp code from sensor_msgs/CameraInfo.msg[0m
[  2%] [34m[1mGenerating Lisp code from sensor_msgs/ChannelFloat32.msg[0m
[  3%] [34m[1mGenerating Lisp code from sensor_msgs/CompressedImage.msg[0m
[  4%] [34m[1mGenerating Lisp code from sensor_msgs/FluidPressure.msg[0m
[  4%] [34m[1mGenerating Lisp code from sensor_msgs/Illuminance.msg[0m
[  5%] [34m[1mGenerating Lisp code from sensor_msgs/Image.msg[0m
[  6%] [34m[1mGenerating Lisp code from sensor_msgs/Imu.msg[0m
[  6%] [34m[1mGenerating Lisp code from sensor_msgs/JointState.msg[0m
[  7%] [34m[1mGenerating Lisp code from sensor_msgs/Joy.msg[0m
[  8%] [34m[1mGenerating Lisp code from sensor_msgs/JoyFeedback.msg[0m
[  8%] [34m[1mGenerating Lisp code from sensor_msgs/JoyFeedbackArray.msg[0m
[  9%] [34m[1mGenerating Lisp code from sensor_msgs/LaserEcho.msg[0m
[  9%] [34m[1mGenerating Lisp code from sensor_msgs/LaserScan.msg[0m
[ 10%] [34m[1mGenerating Lisp code from sensor_msgs/MagneticField.msg[0m
[ 11%] [34m[1mGenerating Lisp code from sensor_msgs/MultiDOFJointState.msg[0m
[ 11%] [34m[1mGenerating Lisp code from sensor_msgs/MultiEchoLaserScan.msg[0m
[ 13%] [34m[1mGenerating Lisp code from sensor_msgs/NavSatFix.msg[0m
[ 14%] [34m[1mGenerating Lisp code from sensor_msgs/NavSatStatus.msg[0m
[ 14%] [34m[1mGenerating Lisp code from sensor_msgs/PointCloud.msg[0m
[ 15%] [34m[1mGenerating Lisp code from sensor_msgs/PointField.msg[0m
[ 16%] [34m[1mGenerating Lisp code from sensor_msgs/PointCloud2.msg[0m
[ 16%] [34m[1mGenerating Lisp code from sensor_msgs/Range.msg[0m
[35m[1mScanning dependencies of target sensor_msgs_generate_messages_py[0m
[ 16%] [34m[1mGenerating Python from MSG sensor_msgs/BatteryState[0m
[ 17%] [34m[1mGenerating Lisp code from sensor_msgs/RegionOfInterest.msg[0m
[ 18%] [34m[1mGenerating Lisp code from sensor_msgs/RelativeHumidity.msg[0m
[ 18%] [34m[1mGenerating Lisp code from sensor_msgs/Temperature.msg[0m
[35m[1mScanning dependencies of target sensor_msgs_generate_messages_nodejs[0m
[ 18%] [34m[1mGenerating Javascript code from sensor_msgs/BatteryState.msg[0m
[ 19%] [34m[1mGenerating Python from MSG sensor_msgs/CameraInfo[0m
[ 20%] [34m[1mGenerating Javascript code from sensor_msgs/CameraInfo.msg[0m
[ 21%] [34m[1mGenerating Lisp code from sensor_msgs/TimeReference.msg[0m
[ 21%] [34m[1mGenerating Javascript code from sensor_msgs/ChannelFloat32.msg[0m
[ 22%] [34m[1mGenerating Lisp code from sensor_msgs/SetCameraInfo.srv[0m
[ 23%] [34m[1mGenerating Python from MSG sensor_msgs/ChannelFloat32[0m
[ 25%] [34m[1mGenerating Javascript code from sensor_msgs/CompressedImage.msg[0m
[ 25%] Built target sensor_msgs_generate_messages_lisp
[ 26%] [34m[1mGenerating Javascript code from sensor_msgs/FluidPressure.msg[0m
[ 26%] [34m[1mGenerating Javascript code from sensor_msgs/Illuminance.msg[0m
[ 26%] [34m[1mGenerating Python from MSG sensor_msgs/CompressedImage[0m
[ 27%] [34m[1mGenerating Javascript code from sensor_msgs/Image.msg[0m
[ 28%] [34m[1mGenerating Javascript code from sensor_msgs/Imu.msg[0m
[ 28%] [34m[1mGenerating Javascript code from sensor_msgs/JointState.msg[0m
[ 29%] [34m[1mGenerating Python from MSG sensor_msgs/FluidPressure[0m
[ 30%] [34m[1mGenerating Javascript code from sensor_msgs/Joy.msg[0m
[ 30%] [34m[1mGenerating Python from MSG sensor_msgs/Illuminance[0m
[ 31%] [34m[1mGenerating Javascript code from sensor_msgs/JoyFeedback.msg[0m
[ 31%] [34m[1mGenerating Javascript code from sensor_msgs/JoyFeedbackArray.msg[0m
[ 32%] [34m[1mGenerating Python from MSG sensor_msgs/Image[0m
[ 33%] [34m[1mGenerating Javascript code from sensor_msgs/LaserEcho.msg[0m
[ 34%] [34m[1mGenerating Python from MSG sensor_msgs/Imu[0m
[ 35%] [34m[1mGenerating Javascript code from sensor_msgs/LaserScan.msg[0m
[ 35%] [34m[1mGenerating Python from MSG sensor_msgs/JointState[0m
[ 35%] [34m[1mGenerating Javascript code from sensor_msgs/MagneticField.msg[0m
[ 36%] [34m[1mGenerating Python from MSG sensor_msgs/Joy[0m
[ 38%] [34m[1mGenerating Javascript code from sensor_msgs/MultiDOFJointState.msg[0m
[ 38%] [34m[1mGenerating Javascript code from sensor_msgs/MultiEchoLaserScan.msg[0m
[ 39%] [34m[1mGenerating Python from MSG sensor_msgs/JoyFeedback[0m
[ 40%] [34m[1mGenerating Javascript code from sensor_msgs/NavSatFix.msg[0m
[ 40%] [34m[1mGenerating Python from MSG sensor_msgs/JoyFeedbackArray[0m
[ 41%] [34m[1mGenerating Javascript code from sensor_msgs/NavSatStatus.msg[0m
[ 41%] [34m[1mGenerating Javascript code from sensor_msgs/PointCloud.msg[0m
[ 42%] [34m[1mGenerating Python from MSG sensor_msgs/LaserEcho[0m
[ 43%] [34m[1mGenerating Javascript code from sensor_msgs/PointCloud2.msg[0m
[ 44%] [34m[1mGenerating Python from MSG sensor_msgs/LaserScan[0m
[ 45%] [34m[1mGenerating Javascript code from sensor_msgs/Range.msg[0m
[ 45%] [34m[1mGenerating Javascript code from sensor_msgs/PointField.msg[0m
[35m[1mScanning dependencies of target sensor_msgs_generate_messages_cpp[0m
[ 45%] [34m[1mGenerating C++ code from sensor_msgs/BatteryState.msg[0m
[ 46%] [34m[1mGenerating Javascript code from sensor_msgs/RegionOfInterest.msg[0m
[ 47%] [34m[1mGenerating C++ code from sensor_msgs/CameraInfo.msg[0m
[ 48%] [34m[1mGenerating Javascript code from sensor_msgs/RelativeHumidity.msg[0m
[ 50%] [34m[1mGenerating C++ code from sensor_msgs/ChannelFloat32.msg[0m
[ 50%] [34m[1mGenerating Javascript code from sensor_msgs/Temperature.msg[0m
[ 50%] [34m[1mGenerating Python from MSG sensor_msgs/MagneticField[0m
[ 50%] [34m[1mGenerating C++ code from sensor_msgs/CompressedImage.msg[0m
[ 51%] [34m[1mGenerating C++ code from sensor_msgs/FluidPressure.msg[0m
[ 52%] [34m[1mGenerating C++ code from sensor_msgs/Illuminance.msg[0m
[ 53%] [34m[1mGenerating Javascript code from sensor_msgs/TimeReference.msg[0m
[ 54%] [34m[1mGenerating Javascript code from sensor_msgs/SetCameraInfo.srv[0m
[ 54%] [34m[1mGenerating C++ code from sensor_msgs/Image.msg[0m
[35m[1mScanning dependencies of target sensor_msgs_generate_messages_eus[0m
[ 54%] [34m[1mGenerating EusLisp code from sensor_msgs/BatteryState.msg[0m
[ 56%] [34m[1mGenerating C++ code from sensor_msgs/Imu.msg[0m
[ 56%] [34m[1mGenerating Python from MSG sensor_msgs/MultiDOFJointState[0m
[ 56%] Built target sensor_msgs_generate_messages_nodejs
[ 57%] [34m[1mGenerating EusLisp code from sensor_msgs/CameraInfo.msg[0m
[ 58%] [34m[1mGenerating EusLisp code from sensor_msgs/ChannelFloat32.msg[0m
[ 58%] [34m[1mGenerating C++ code from sensor_msgs/JointState.msg[0m
[ 58%] [34m[1mGenerating EusLisp code from sensor_msgs/CompressedImage.msg[0m
[ 59%] [34m[1mGenerating C++ code from sensor_msgs/Joy.msg[0m
[ 60%] [34m[1mGenerating C++ code from sensor_msgs/JoyFeedback.msg[0m
[ 61%] [34m[1mGenerating EusLisp code from sensor_msgs/FluidPressure.msg[0m
[ 63%] [34m[1mGenerating EusLisp code from sensor_msgs/Illuminance.msg[0m
[ 64%] [34m[1mGenerating Python from MSG sensor_msgs/MultiEchoLaserScan[0m
[ 64%] [34m[1mGenerating C++ code from sensor_msgs/JoyFeedbackArray.msg[0m
[ 65%] [34m[1mGenerating C++ code from sensor_msgs/LaserEcho.msg[0m
[ 66%] [34m[1mGenerating C++ code from sensor_msgs/LaserScan.msg[0m
[ 66%] [34m[1mGenerating C++ code from sensor_msgs/MagneticField.msg[0m
[ 66%] [34m[1mGenerating EusLisp code from sensor_msgs/Image.msg[0m
[ 67%] [34m[1mGenerating C++ code from sensor_msgs/MultiDOFJointState.msg[0m
[ 68%] [34m[1mGenerating C++ code from sensor_msgs/MultiEchoLaserScan.msg[0m
[ 69%] [34m[1mGenerating Python from MSG sensor_msgs/NavSatStatus[0m
[ 69%] [34m[1mGenerating Python from MSG sensor_msgs/NavSatFix[0m
[ 70%] [34m[1mGenerating EusLisp code from sensor_msgs/Imu.msg[0m
[ 70%] [34m[1mGenerating C++ code from sensor_msgs/NavSatFix.msg[0m
[ 71%] [34m[1mGenerating EusLisp code from sensor_msgs/JointState.msg[0m
[ 72%] [34m[1mGenerating C++ code from sensor_msgs/NavSatStatus.msg[0m
[ 72%] [34m[1mGenerating EusLisp code from sensor_msgs/Joy.msg[0m
[ 73%] [34m[1mGenerating C++ code from sensor_msgs/PointCloud.msg[0m
[ 75%] [34m[1mGenerating C++ code from sensor_msgs/PointCloud2.msg[0m
[ 75%] [34m[1mGenerating C++ code from sensor_msgs/PointField.msg[0m
[ 75%] [34m[1mGenerating Python from MSG sensor_msgs/PointCloud[0m
[ 76%] [34m[1mGenerating EusLisp code from sensor_msgs/JoyFeedback.msg[0m
[ 77%] [34m[1mGenerating EusLisp code from sensor_msgs/JoyFeedbackArray.msg[0m
[ 77%] [34m[1mGenerating EusLisp code from sensor_msgs/LaserEcho.msg[0m
[ 79%] [34m[1mGenerating C++ code from sensor_msgs/Range.msg[0m
[ 79%] [34m[1mGenerating EusLisp code from sensor_msgs/LaserScan.msg[0m
[ 79%] [34m[1mGenerating C++ code from sensor_msgs/RegionOfInterest.msg[0m
[ 80%] [34m[1mGenerating C++ code from sensor_msgs/RelativeHumidity.msg[0m
[ 80%] [34m[1mGenerating C++ code from sensor_msgs/Temperature.msg[0m
[ 81%] [34m[1mGenerating Python from MSG sensor_msgs/PointCloud2[0m
[ 81%] [34m[1mGenerating EusLisp code from sensor_msgs/MagneticField.msg[0m
[ 82%] [34m[1mGenerating C++ code from sensor_msgs/TimeReference.msg[0m
[ 83%] [34m[1mGenerating EusLisp code from sensor_msgs/MultiDOFJointState.msg[0m
[ 84%] [34m[1mGenerating C++ code from sensor_msgs/SetCameraInfo.srv[0m
[ 85%] [34m[1mGenerating EusLisp code from sensor_msgs/MultiEchoLaserScan.msg[0m
[ 85%] [34m[1mGenerating EusLisp code from sensor_msgs/NavSatFix.msg[0m
[ 86%] [34m[1mGenerating EusLisp code from sensor_msgs/NavSatStatus.msg[0m
[ 88%] [34m[1mGenerating Python from MSG sensor_msgs/PointField[0m
[ 88%] [34m[1mGenerating Python from MSG sensor_msgs/Range[0m
[ 89%] [34m[1mGenerating Python from MSG sensor_msgs/RegionOfInterest[0m
[ 90%] [34m[1mGenerating EusLisp code from sensor_msgs/PointCloud.msg[0m
[ 90%] Built target sensor_msgs_generate_messages_cpp
[ 90%] [34m[1mGenerating EusLisp code from sensor_msgs/PointCloud2.msg[0m
[ 91%] [34m[1mGenerating Python from MSG sensor_msgs/RelativeHumidity[0m
[ 92%] [34m[1mGenerating EusLisp code from sensor_msgs/PointField.msg[0m
[ 92%] [34m[1mGenerating Python from MSG sensor_msgs/Temperature[0m
[ 93%] [34m[1mGenerating Python from MSG sensor_msgs/TimeReference[0m
[ 94%] [34m[1mGenerating Python code from SRV sensor_msgs/SetCameraInfo[0m
[ 95%] [34m[1mGenerating EusLisp code from sensor_msgs/Range.msg[0m
[ 95%] [34m[1mGenerating EusLisp code from sensor_msgs/RegionOfInterest.msg[0m
[ 96%] [34m[1mGenerating EusLisp code from sensor_msgs/RelativeHumidity.msg[0m
[ 97%] [34m[1mGenerating EusLisp code from sensor_msgs/Temperature.msg[0m
[ 97%] [34m[1mGenerating EusLisp code from sensor_msgs/TimeReference.msg[0m
[ 98%] [34m[1mGenerating EusLisp code from sensor_msgs/SetCameraInfo.srv[0m
[ 98%] [34m[1mGenerating EusLisp manifest code for sensor_msgs[0m
[ 98%] [34m[1mGenerating Python msg __init__.py for sensor_msgs[0m
[100%] [34m[1mGenerating Python srv __init__.py for sensor_msgs[0m
[100%] Built target sensor_msgs_generate_messages_py
[100%] Built target sensor_msgs_generate_messages_eus
[35m[1mScanning dependencies of target sensor_msgs_generate_messages[0m
[100%] Built target sensor_msgs_generate_messages
