[35m[1mScanning dependencies of target std_msgs_generate_messages_nodejs[0m
[35m[1mScanning dependencies of target _stereo_msgs_generate_messages_check_deps_DisparityImage[0m
[35m[1mScanning dependencies of target std_msgs_generate_messages_eus[0m
[35m[1mScanning dependencies of target sensor_msgs_generate_messages_nodejs[0m
[35m[1mScanning dependencies of target sensor_msgs_generate_messages_cpp[0m
[35m[1mScanning dependencies of target std_msgs_generate_messages_cpp[0m
[  0%] Built target std_msgs_generate_messages_eus
[  0%] Built target sensor_msgs_generate_messages_nodejs
[  0%] Built target std_msgs_generate_messages_nodejs
[  0%] Built target sensor_msgs_generate_messages_cpp
[  0%] Built target std_msgs_generate_messages_cpp
[35m[1mScanning dependencies of target sensor_msgs_generate_messages_py[0m
[35m[1mScanning dependencies of target sensor_msgs_generate_messages_lisp[0m
[35m[1mScanning dependencies of target sensor_msgs_generate_messages_eus[0m
[35m[1mScanning dependencies of target std_msgs_generate_messages_py[0m
[  0%] Built target sensor_msgs_generate_messages_lisp
[35m[1mScanning dependencies of target std_msgs_generate_messages_lisp[0m
[  0%] Built target sensor_msgs_generate_messages_eus
[  0%] Built target sensor_msgs_generate_messages_py
[  0%] Built target std_msgs_generate_messages_lisp
[  0%] Built target std_msgs_generate_messages_py
[  0%] Built target _stereo_msgs_generate_messages_check_deps_DisparityImage
[35m[1mScanning dependencies of target stereo_msgs_generate_messages_py[0m
[35m[1mScanning dependencies of target stereo_msgs_generate_messages_nodejs[0m
[35m[1mScanning dependencies of target stereo_msgs_generate_messages_cpp[0m
[35m[1mScanning dependencies of target stereo_msgs_generate_messages_eus[0m
[35m[1mScanning dependencies of target stereo_msgs_generate_messages_lisp[0m
[ 42%] [34m[1mGenerating Lisp code from stereo_msgs/DisparityImage.msg[0m
[ 42%] [34m[1mGenerating Javascript code from stereo_msgs/DisparityImage.msg[0m
[ 71%] [34m[1mGenerating C++ code from stereo_msgs/DisparityImage.msg[0m
[ 71%] [34m[1mGenerating EusLisp manifest code for stereo_msgs[0m
[ 85%] [34m[1mGenerating Python from MSG stereo_msgs/DisparityImage[0m
[ 85%] [34m[1mGenerating EusLisp code from stereo_msgs/DisparityImage.msg[0m
[ 85%] Built target stereo_msgs_generate_messages_nodejs
[ 85%] Built target stereo_msgs_generate_messages_lisp
[ 85%] Built target stereo_msgs_generate_messages_cpp
[100%] [34m[1mGenerating Python msg __init__.py for stereo_msgs[0m
[100%] Built target stereo_msgs_generate_messages_py
[100%] Built target stereo_msgs_generate_messages_eus
[35m[1mScanning dependencies of target stereo_msgs_generate_messages[0m
[100%] Built target stereo_msgs_generate_messages
