Symlinking /home/jetson/catkin_ws/devel/include/diagnostic_msgs/SelfTest.h
Symlinking /home/jetson/catkin_ws/devel/include/diagnostic_msgs/SelfTestResponse.h
Symlinking /home/jetson/catkin_ws/devel/include/diagnostic_msgs/KeyValue.h
Symlinking /home/jetson/catkin_ws/devel/include/diagnostic_msgs/DiagnosticStatus.h
Symlinking /home/jetson/catkin_ws/devel/include/diagnostic_msgs/SelfTestRequest.h
Symlinking /home/jetson/catkin_ws/devel/include/diagnostic_msgs/AddDiagnosticsResponse.h
Symlinking /home/jetson/catkin_ws/devel/include/diagnostic_msgs/AddDiagnosticsRequest.h
Symlinking /home/jetson/catkin_ws/devel/include/diagnostic_msgs/AddDiagnostics.h
Symlinking /home/jetson/catkin_ws/devel/include/diagnostic_msgs/DiagnosticArray.h
Symlinking /home/jetson/catkin_ws/devel/lib/pkgconfig/diagnostic_msgs.pc
Symlinking /home/jetson/catkin_ws/devel/lib/python3/dist-packages/diagnostic_msgs/__init__.py
Symlinking /home/jetson/catkin_ws/devel/lib/python3/dist-packages/diagnostic_msgs/msg/_DiagnosticStatus.py
Symlinking /home/jetson/catkin_ws/devel/lib/python3/dist-packages/diagnostic_msgs/msg/_DiagnosticArray.py
Symlinking /home/jetson/catkin_ws/devel/lib/python3/dist-packages/diagnostic_msgs/msg/_KeyValue.py
Symlinking /home/jetson/catkin_ws/devel/lib/python3/dist-packages/diagnostic_msgs/msg/__init__.py
Symlinking /home/jetson/catkin_ws/devel/lib/python3/dist-packages/diagnostic_msgs/srv/_SelfTest.py
Symlinking /home/jetson/catkin_ws/devel/lib/python3/dist-packages/diagnostic_msgs/srv/__init__.py
Symlinking /home/jetson/catkin_ws/devel/lib/python3/dist-packages/diagnostic_msgs/srv/_AddDiagnostics.py
Symlinking /home/jetson/catkin_ws/devel/share/roseus/ros/diagnostic_msgs/manifest.l
Symlinking /home/jetson/catkin_ws/devel/share/roseus/ros/diagnostic_msgs/msg/DiagnosticArray.l
Symlinking /home/jetson/catkin_ws/devel/share/roseus/ros/diagnostic_msgs/msg/KeyValue.l
Symlinking /home/jetson/catkin_ws/devel/share/roseus/ros/diagnostic_msgs/msg/DiagnosticStatus.l
Symlinking /home/jetson/catkin_ws/devel/share/roseus/ros/diagnostic_msgs/srv/SelfTest.l
Symlinking /home/jetson/catkin_ws/devel/share/roseus/ros/diagnostic_msgs/srv/AddDiagnostics.l
Symlinking /home/jetson/catkin_ws/devel/share/gennodejs/ros/diagnostic_msgs/_index.js
Symlinking /home/jetson/catkin_ws/devel/share/gennodejs/ros/diagnostic_msgs/msg/KeyValue.js
Symlinking /home/jetson/catkin_ws/devel/share/gennodejs/ros/diagnostic_msgs/msg/DiagnosticArray.js
Symlinking /home/jetson/catkin_ws/devel/share/gennodejs/ros/diagnostic_msgs/msg/_index.js
Symlinking /home/jetson/catkin_ws/devel/share/gennodejs/ros/diagnostic_msgs/msg/DiagnosticStatus.js
Symlinking /home/jetson/catkin_ws/devel/share/gennodejs/ros/diagnostic_msgs/srv/AddDiagnostics.js
Symlinking /home/jetson/catkin_ws/devel/share/gennodejs/ros/diagnostic_msgs/srv/_index.js
Symlinking /home/jetson/catkin_ws/devel/share/gennodejs/ros/diagnostic_msgs/srv/SelfTest.js
Symlinking /home/jetson/catkin_ws/devel/share/common-lisp/ros/diagnostic_msgs/msg/diagnostic_msgs-msg.asd
Symlinking /home/jetson/catkin_ws/devel/share/common-lisp/ros/diagnostic_msgs/msg/DiagnosticArray.lisp
Symlinking /home/jetson/catkin_ws/devel/share/common-lisp/ros/diagnostic_msgs/msg/_package_DiagnosticStatus.lisp
Symlinking /home/jetson/catkin_ws/devel/share/common-lisp/ros/diagnostic_msgs/msg/DiagnosticStatus.lisp
Symlinking /home/jetson/catkin_ws/devel/share/common-lisp/ros/diagnostic_msgs/msg/KeyValue.lisp
Symlinking /home/jetson/catkin_ws/devel/share/common-lisp/ros/diagnostic_msgs/msg/_package.lisp
Symlinking /home/jetson/catkin_ws/devel/share/common-lisp/ros/diagnostic_msgs/msg/_package_DiagnosticArray.lisp
Symlinking /home/jetson/catkin_ws/devel/share/common-lisp/ros/diagnostic_msgs/msg/_package_KeyValue.lisp
Symlinking /home/jetson/catkin_ws/devel/share/common-lisp/ros/diagnostic_msgs/srv/SelfTest.lisp
Symlinking /home/jetson/catkin_ws/devel/share/common-lisp/ros/diagnostic_msgs/srv/AddDiagnostics.lisp
Symlinking /home/jetson/catkin_ws/devel/share/common-lisp/ros/diagnostic_msgs/srv/_package.lisp
Symlinking /home/jetson/catkin_ws/devel/share/common-lisp/ros/diagnostic_msgs/srv/_package_SelfTest.lisp
Symlinking /home/jetson/catkin_ws/devel/share/common-lisp/ros/diagnostic_msgs/srv/diagnostic_msgs-srv.asd
Symlinking /home/jetson/catkin_ws/devel/share/common-lisp/ros/diagnostic_msgs/srv/_package_AddDiagnostics.lisp
Symlinking /home/jetson/catkin_ws/devel/share/diagnostic_msgs/cmake/diagnostic_msgsConfig.cmake
Symlinking /home/jetson/catkin_ws/devel/share/diagnostic_msgs/cmake/diagnostic_msgsConfig-version.cmake
Symlinking /home/jetson/catkin_ws/devel/share/diagnostic_msgs/cmake/diagnostic_msgs-msg-paths.cmake
Symlinking /home/jetson/catkin_ws/devel/share/diagnostic_msgs/cmake/diagnostic_msgs-msg-extras.cmake
