[35m[1mScanning dependencies of target _geometry_msgs_generate_messages_check_deps_PoseWithCovarianceStamped[0m
[  0%] Built target _geometry_msgs_generate_messages_check_deps_PoseWithCovarianceStamped
[35m[1mScanning dependencies of target _geometry_msgs_generate_messages_check_deps_Vector3Stamped[0m
[  0%] Built target _geometry_msgs_generate_messages_check_deps_Vector3Stamped
[35m[1mScanning dependencies of target _geometry_msgs_generate_messages_check_deps_Vector3[0m
[35m[1mScanning dependencies of target _geometry_msgs_generate_messages_check_deps_PoseWithCovariance[0m
[  0%] Built target _geometry_msgs_generate_messages_check_deps_Vector3
[  0%] Built target _geometry_msgs_generate_messages_check_deps_PoseWithCovariance
[35m[1mScanning dependencies of target std_msgs_generate_messages_eus[0m
[  0%] Built target std_msgs_generate_messages_eus
[35m[1mScanning dependencies of target _geometry_msgs_generate_messages_check_deps_Polygon[0m
[  0%] Built target _geometry_msgs_generate_messages_check_deps_Polygon
[35m[1mScanning dependencies of target _geometry_msgs_generate_messages_check_deps_AccelStamped[0m
[  0%] Built target _geometry_msgs_generate_messages_check_deps_AccelStamped
[35m[1mScanning dependencies of target _geometry_msgs_generate_messages_check_deps_Accel[0m
[  0%] Built target _geometry_msgs_generate_messages_check_deps_Accel
[35m[1mScanning dependencies of target _geometry_msgs_generate_messages_check_deps_PoseArray[0m
[35m[1mScanning dependencies of target _geometry_msgs_generate_messages_check_deps_TwistWithCovarianceStamped[0m
[  0%] Built target _geometry_msgs_generate_messages_check_deps_PoseArray
[  0%] Built target _geometry_msgs_generate_messages_check_deps_TwistWithCovarianceStamped
[35m[1mScanning dependencies of target _geometry_msgs_generate_messages_check_deps_TwistWithCovariance[0m
[  0%] Built target _geometry_msgs_generate_messages_check_deps_TwistWithCovariance
[35m[1mScanning dependencies of target _geometry_msgs_generate_messages_check_deps_WrenchStamped[0m
[  0%] Built target _geometry_msgs_generate_messages_check_deps_WrenchStamped
[35m[1mScanning dependencies of target _geometry_msgs_generate_messages_check_deps_TwistStamped[0m
[  0%] Built target _geometry_msgs_generate_messages_check_deps_TwistStamped
[35m[1mScanning dependencies of target _geometry_msgs_generate_messages_check_deps_Twist[0m
[35m[1mScanning dependencies of target _geometry_msgs_generate_messages_check_deps_Quaternion[0m
[  0%] Built target _geometry_msgs_generate_messages_check_deps_Twist
[35m[1mScanning dependencies of target _geometry_msgs_generate_messages_check_deps_Inertia[0m
[  0%] Built target _geometry_msgs_generate_messages_check_deps_Quaternion
[35m[1mScanning dependencies of target _geometry_msgs_generate_messages_check_deps_InertiaStamped[0m
[35m[1mScanning dependencies of target _geometry_msgs_generate_messages_check_deps_Wrench[0m
[  0%] Built target _geometry_msgs_generate_messages_check_deps_Inertia
[35m[1mScanning dependencies of target _geometry_msgs_generate_messages_check_deps_Point[0m
[  0%] Built target _geometry_msgs_generate_messages_check_deps_Wrench
[  0%] Built target _geometry_msgs_generate_messages_check_deps_InertiaStamped
[35m[1mScanning dependencies of target _geometry_msgs_generate_messages_check_deps_Transform[0m
[  0%] Built target _geometry_msgs_generate_messages_check_deps_Point
[  0%] Built target _geometry_msgs_generate_messages_check_deps_Transform
[35m[1mScanning dependencies of target _geometry_msgs_generate_messages_check_deps_Point32[0m
[35m[1mScanning dependencies of target _geometry_msgs_generate_messages_check_deps_TransformStamped[0m
[35m[1mScanning dependencies of target _geometry_msgs_generate_messages_check_deps_PointStamped[0m
[35m[1mScanning dependencies of target _geometry_msgs_generate_messages_check_deps_AccelWithCovarianceStamped[0m
[  0%] Built target _geometry_msgs_generate_messages_check_deps_TransformStamped
[  0%] Built target _geometry_msgs_generate_messages_check_deps_Point32
[35m[1mScanning dependencies of target _geometry_msgs_generate_messages_check_deps_AccelWithCovariance[0m
[35m[1mScanning dependencies of target _geometry_msgs_generate_messages_check_deps_Pose2D[0m
[  0%] Built target _geometry_msgs_generate_messages_check_deps_AccelWithCovarianceStamped
[  0%] Built target _geometry_msgs_generate_messages_check_deps_PointStamped
[35m[1mScanning dependencies of target _geometry_msgs_generate_messages_check_deps_PoseStamped[0m
[35m[1mScanning dependencies of target _geometry_msgs_generate_messages_check_deps_PolygonStamped[0m
[35m[1mScanning dependencies of target _geometry_msgs_generate_messages_check_deps_QuaternionStamped[0m
[  0%] Built target _geometry_msgs_generate_messages_check_deps_AccelWithCovariance
[  0%] Built target _geometry_msgs_generate_messages_check_deps_Pose2D
[35m[1mScanning dependencies of target _geometry_msgs_generate_messages_check_deps_Pose[0m
[35m[1mScanning dependencies of target std_msgs_generate_messages_cpp[0m
[  0%] Built target std_msgs_generate_messages_cpp
[  0%] Built target _geometry_msgs_generate_messages_check_deps_PoseStamped
[35m[1mScanning dependencies of target std_msgs_generate_messages_py[0m
[35m[1mScanning dependencies of target std_msgs_generate_messages_nodejs[0m
[  0%] Built target _geometry_msgs_generate_messages_check_deps_PolygonStamped
[  0%] Built target std_msgs_generate_messages_py
[  0%] Built target _geometry_msgs_generate_messages_check_deps_Pose
[  0%] Built target std_msgs_generate_messages_nodejs
[  0%] Built target _geometry_msgs_generate_messages_check_deps_QuaternionStamped
[35m[1mScanning dependencies of target std_msgs_generate_messages_lisp[0m
[35m[1mScanning dependencies of target geometry_msgs_generate_messages_py[0m
[35m[1mScanning dependencies of target geometry_msgs_generate_messages_eus[0m
[  0%] Built target std_msgs_generate_messages_lisp
[35m[1mScanning dependencies of target geometry_msgs_generate_messages_cpp[0m
[  1%] [34m[1mGenerating Python from MSG geometry_msgs/Accel[0m
[35m[1mScanning dependencies of target geometry_msgs_generate_messages_nodejs[0m
[  1%] [34m[1mGenerating C++ code from geometry_msgs/Accel.msg[0m
[35m[1mScanning dependencies of target geometry_msgs_generate_messages_lisp[0m
[  2%] [34m[1mGenerating EusLisp code from geometry_msgs/Accel.msg[0m
[  3%] [34m[1mGenerating Javascript code from geometry_msgs/Accel.msg[0m
[  3%] [34m[1mGenerating Lisp code from geometry_msgs/Accel.msg[0m
[  4%] [34m[1mGenerating Javascript code from geometry_msgs/AccelStamped.msg[0m
[  5%] [34m[1mGenerating Lisp code from geometry_msgs/AccelStamped.msg[0m
[  6%] [34m[1mGenerating C++ code from geometry_msgs/AccelStamped.msg[0m
[  7%] [34m[1mGenerating EusLisp code from geometry_msgs/AccelStamped.msg[0m
[  7%] [34m[1mGenerating Javascript code from geometry_msgs/AccelWithCovariance.msg[0m
[  8%] [34m[1mGenerating Lisp code from geometry_msgs/AccelWithCovariance.msg[0m
[  8%] [34m[1mGenerating C++ code from geometry_msgs/AccelWithCovariance.msg[0m
[  8%] [34m[1mGenerating EusLisp code from geometry_msgs/AccelWithCovariance.msg[0m
[  9%] [34m[1mGenerating Javascript code from geometry_msgs/AccelWithCovarianceStamped.msg[0m
[  9%] [34m[1mGenerating Python from MSG geometry_msgs/AccelStamped[0m
[  9%] [34m[1mGenerating Lisp code from geometry_msgs/AccelWithCovarianceStamped.msg[0m
[ 10%] [34m[1mGenerating Javascript code from geometry_msgs/Inertia.msg[0m
[ 11%] [34m[1mGenerating Lisp code from geometry_msgs/Inertia.msg[0m
[ 12%] [34m[1mGenerating EusLisp code from geometry_msgs/AccelWithCovarianceStamped.msg[0m
[ 12%] [34m[1mGenerating EusLisp code from geometry_msgs/Inertia.msg[0m
[ 13%] [34m[1mGenerating C++ code from geometry_msgs/AccelWithCovarianceStamped.msg[0m
[ 13%] [34m[1mGenerating Javascript code from geometry_msgs/InertiaStamped.msg[0m
[ 13%] [34m[1mGenerating Lisp code from geometry_msgs/InertiaStamped.msg[0m
[ 14%] [34m[1mGenerating Python from MSG geometry_msgs/AccelWithCovariance[0m
[ 15%] [34m[1mGenerating C++ code from geometry_msgs/Inertia.msg[0m
[ 17%] [34m[1mGenerating EusLisp code from geometry_msgs/InertiaStamped.msg[0m
[ 18%] [34m[1mGenerating Javascript code from geometry_msgs/Point.msg[0m
[ 19%] [34m[1mGenerating Lisp code from geometry_msgs/Point32.msg[0m
[ 20%] [34m[1mGenerating Lisp code from geometry_msgs/Point.msg[0m
[ 20%] [34m[1mGenerating Javascript code from geometry_msgs/Point32.msg[0m
[ 20%] [34m[1mGenerating Lisp code from geometry_msgs/PointStamped.msg[0m
[ 21%] [34m[1mGenerating C++ code from geometry_msgs/InertiaStamped.msg[0m
[ 21%] [34m[1mGenerating C++ code from geometry_msgs/Point.msg[0m
[ 22%] [34m[1mGenerating EusLisp code from geometry_msgs/Point.msg[0m
[ 23%] [34m[1mGenerating Javascript code from geometry_msgs/PointStamped.msg[0m
[ 24%] [34m[1mGenerating Python from MSG geometry_msgs/AccelWithCovarianceStamped[0m
[ 25%] [34m[1mGenerating Lisp code from geometry_msgs/Polygon.msg[0m
[ 26%] [34m[1mGenerating Javascript code from geometry_msgs/Polygon.msg[0m
[ 27%] [34m[1mGenerating EusLisp code from geometry_msgs/Point32.msg[0m
[ 27%] [34m[1mGenerating Lisp code from geometry_msgs/PolygonStamped.msg[0m
[ 28%] [34m[1mGenerating C++ code from geometry_msgs/Point32.msg[0m
[ 28%] [34m[1mGenerating Python from MSG geometry_msgs/Inertia[0m
[ 28%] [34m[1mGenerating Javascript code from geometry_msgs/PolygonStamped.msg[0m
[ 28%] [34m[1mGenerating Lisp code from geometry_msgs/Pose2D.msg[0m
[ 29%] [34m[1mGenerating EusLisp code from geometry_msgs/PointStamped.msg[0m
[ 30%] [34m[1mGenerating Javascript code from geometry_msgs/Pose2D.msg[0m
[ 30%] [34m[1mGenerating C++ code from geometry_msgs/PointStamped.msg[0m
[ 31%] [34m[1mGenerating Python from MSG geometry_msgs/InertiaStamped[0m
[ 32%] [34m[1mGenerating Lisp code from geometry_msgs/Pose.msg[0m
[ 34%] [34m[1mGenerating EusLisp code from geometry_msgs/Polygon.msg[0m
[ 35%] [34m[1mGenerating Javascript code from geometry_msgs/Pose.msg[0m
[ 36%] [34m[1mGenerating Javascript code from geometry_msgs/PoseArray.msg[0m
[ 36%] [34m[1mGenerating C++ code from geometry_msgs/Polygon.msg[0m
[ 37%] [34m[1mGenerating Lisp code from geometry_msgs/PoseArray.msg[0m
[ 37%] [34m[1mGenerating Lisp code from geometry_msgs/PoseStamped.msg[0m
[ 38%] [34m[1mGenerating Javascript code from geometry_msgs/PoseStamped.msg[0m
[ 39%] [34m[1mGenerating Python from MSG geometry_msgs/Point[0m
[ 40%] [34m[1mGenerating Javascript code from geometry_msgs/PoseWithCovariance.msg[0m
[ 40%] [34m[1mGenerating EusLisp code from geometry_msgs/PolygonStamped.msg[0m
[ 41%] [34m[1mGenerating C++ code from geometry_msgs/PolygonStamped.msg[0m
[ 42%] [34m[1mGenerating Lisp code from geometry_msgs/PoseWithCovariance.msg[0m
[ 42%] [34m[1mGenerating Javascript code from geometry_msgs/PoseWithCovarianceStamped.msg[0m
[ 43%] [34m[1mGenerating Lisp code from geometry_msgs/PoseWithCovarianceStamped.msg[0m
[ 43%] [34m[1mGenerating C++ code from geometry_msgs/Pose2D.msg[0m
[ 44%] [34m[1mGenerating EusLisp code from geometry_msgs/Pose2D.msg[0m
[ 45%] [34m[1mGenerating Javascript code from geometry_msgs/Quaternion.msg[0m
[ 46%] [34m[1mGenerating Javascript code from geometry_msgs/QuaternionStamped.msg[0m
[ 46%] [34m[1mGenerating Lisp code from geometry_msgs/Quaternion.msg[0m
[ 46%] [34m[1mGenerating Python from MSG geometry_msgs/Point32[0m
[ 47%] [34m[1mGenerating Lisp code from geometry_msgs/QuaternionStamped.msg[0m
[ 48%] [34m[1mGenerating C++ code from geometry_msgs/Pose.msg[0m
[ 48%] [34m[1mGenerating Javascript code from geometry_msgs/Transform.msg[0m
[ 50%] [34m[1mGenerating C++ code from geometry_msgs/PoseArray.msg[0m
[ 51%] [34m[1mGenerating EusLisp code from geometry_msgs/Pose.msg[0m
[ 51%] [34m[1mGenerating Lisp code from geometry_msgs/Transform.msg[0m
[ 52%] [34m[1mGenerating Javascript code from geometry_msgs/TransformStamped.msg[0m
[ 53%] [34m[1mGenerating Lisp code from geometry_msgs/TransformStamped.msg[0m
[ 54%] [34m[1mGenerating Lisp code from geometry_msgs/Twist.msg[0m
[ 54%] [34m[1mGenerating EusLisp code from geometry_msgs/PoseArray.msg[0m
[ 54%] [34m[1mGenerating C++ code from geometry_msgs/PoseStamped.msg[0m
[ 54%] [34m[1mGenerating Javascript code from geometry_msgs/Twist.msg[0m
[ 56%] [34m[1mGenerating C++ code from geometry_msgs/PoseWithCovariance.msg[0m
[ 56%] [34m[1mGenerating Python from MSG geometry_msgs/PointStamped[0m
[ 56%] [34m[1mGenerating Lisp code from geometry_msgs/TwistStamped.msg[0m
[ 57%] [34m[1mGenerating EusLisp code from geometry_msgs/PoseStamped.msg[0m
[ 58%] [34m[1mGenerating Javascript code from geometry_msgs/TwistStamped.msg[0m
[ 59%] [34m[1mGenerating Lisp code from geometry_msgs/TwistWithCovariance.msg[0m
[ 60%] [34m[1mGenerating Lisp code from geometry_msgs/TwistWithCovarianceStamped.msg[0m
[ 61%] [34m[1mGenerating Javascript code from geometry_msgs/TwistWithCovariance.msg[0m
[ 61%] [34m[1mGenerating C++ code from geometry_msgs/PoseWithCovarianceStamped.msg[0m
[ 62%] [34m[1mGenerating Lisp code from geometry_msgs/Vector3.msg[0m
[ 62%] [34m[1mGenerating C++ code from geometry_msgs/Quaternion.msg[0m
[ 63%] [34m[1mGenerating EusLisp code from geometry_msgs/PoseWithCovariance.msg[0m
[ 63%] [34m[1mGenerating Javascript code from geometry_msgs/TwistWithCovarianceStamped.msg[0m
[ 64%] [34m[1mGenerating Python from MSG geometry_msgs/Polygon[0m
[ 64%] [34m[1mGenerating Lisp code from geometry_msgs/Vector3Stamped.msg[0m
[ 65%] [34m[1mGenerating Javascript code from geometry_msgs/Vector3.msg[0m
[ 65%] [34m[1mGenerating EusLisp code from geometry_msgs/PoseWithCovarianceStamped.msg[0m
[ 67%] [34m[1mGenerating Lisp code from geometry_msgs/Wrench.msg[0m
[ 68%] [34m[1mGenerating C++ code from geometry_msgs/QuaternionStamped.msg[0m
[ 68%] [34m[1mGenerating Lisp code from geometry_msgs/WrenchStamped.msg[0m
[ 69%] [34m[1mGenerating Python from MSG geometry_msgs/PolygonStamped[0m
[ 70%] [34m[1mGenerating Javascript code from geometry_msgs/Vector3Stamped.msg[0m
[ 71%] [34m[1mGenerating EusLisp code from geometry_msgs/Quaternion.msg[0m
[ 71%] Built target geometry_msgs_generate_messages_lisp
[ 71%] [34m[1mGenerating Javascript code from geometry_msgs/Wrench.msg[0m
[ 72%] [34m[1mGenerating Javascript code from geometry_msgs/WrenchStamped.msg[0m
[ 72%] [34m[1mGenerating EusLisp code from geometry_msgs/QuaternionStamped.msg[0m
[ 72%] [34m[1mGenerating C++ code from geometry_msgs/Transform.msg[0m
[ 73%] [34m[1mGenerating EusLisp code from geometry_msgs/Transform.msg[0m
[ 74%] [34m[1mGenerating C++ code from geometry_msgs/TransformStamped.msg[0m
[ 74%] Built target geometry_msgs_generate_messages_nodejs
[ 75%] [34m[1mGenerating C++ code from geometry_msgs/Twist.msg[0m
[ 76%] [34m[1mGenerating Python from MSG geometry_msgs/Pose2D[0m
[ 76%] [34m[1mGenerating Python from MSG geometry_msgs/Pose[0m
[ 77%] [34m[1mGenerating EusLisp code from geometry_msgs/TransformStamped.msg[0m
[ 78%] [34m[1mGenerating Python from MSG geometry_msgs/PoseArray[0m
[ 79%] [34m[1mGenerating Python from MSG geometry_msgs/PoseStamped[0m
[ 79%] [34m[1mGenerating C++ code from geometry_msgs/TwistStamped.msg[0m
[ 79%] [34m[1mGenerating EusLisp code from geometry_msgs/Twist.msg[0m
[ 79%] [34m[1mGenerating Python from MSG geometry_msgs/PoseWithCovariance[0m
[ 80%] [34m[1mGenerating Python from MSG geometry_msgs/PoseWithCovarianceStamped[0m
[ 81%] [34m[1mGenerating C++ code from geometry_msgs/TwistWithCovariance.msg[0m
[ 82%] [34m[1mGenerating C++ code from geometry_msgs/TwistWithCovarianceStamped.msg[0m
[ 84%] [34m[1mGenerating EusLisp code from geometry_msgs/TwistStamped.msg[0m
[ 85%] [34m[1mGenerating Python from MSG geometry_msgs/Quaternion[0m
[ 86%] [34m[1mGenerating EusLisp code from geometry_msgs/TwistWithCovariance.msg[0m
[ 86%] [34m[1mGenerating C++ code from geometry_msgs/Vector3.msg[0m
[ 86%] [34m[1mGenerating EusLisp code from geometry_msgs/TwistWithCovarianceStamped.msg[0m
[ 86%] [34m[1mGenerating Python from MSG geometry_msgs/QuaternionStamped[0m
[ 87%] [34m[1mGenerating C++ code from geometry_msgs/Vector3Stamped.msg[0m
[ 88%] [34m[1mGenerating C++ code from geometry_msgs/Wrench.msg[0m
[ 89%] [34m[1mGenerating EusLisp code from geometry_msgs/Vector3.msg[0m
[ 89%] [34m[1mGenerating C++ code from geometry_msgs/WrenchStamped.msg[0m
[ 90%] [34m[1mGenerating Python from MSG geometry_msgs/Transform[0m
[ 91%] [34m[1mGenerating EusLisp code from geometry_msgs/Vector3Stamped.msg[0m
[ 91%] [34m[1mGenerating EusLisp code from geometry_msgs/Wrench.msg[0m
[ 92%] [34m[1mGenerating EusLisp manifest code for geometry_msgs[0m
[ 93%] [34m[1mGenerating EusLisp code from geometry_msgs/WrenchStamped.msg[0m
[ 93%] Built target geometry_msgs_generate_messages_cpp
[ 94%] [34m[1mGenerating Python from MSG geometry_msgs/TransformStamped[0m
[ 94%] [34m[1mGenerating Python from MSG geometry_msgs/Twist[0m
[ 95%] [34m[1mGenerating Python from MSG geometry_msgs/TwistStamped[0m
[ 95%] [34m[1mGenerating Python from MSG geometry_msgs/TwistWithCovariance[0m
[ 96%] [34m[1mGenerating Python from MSG geometry_msgs/TwistWithCovarianceStamped[0m
[ 97%] [34m[1mGenerating Python from MSG geometry_msgs/Vector3[0m
[ 97%] [34m[1mGenerating Python from MSG geometry_msgs/Vector3Stamped[0m
[ 98%] [34m[1mGenerating Python from MSG geometry_msgs/WrenchStamped[0m
[100%] [34m[1mGenerating Python from MSG geometry_msgs/Wrench[0m
[100%] Built target geometry_msgs_generate_messages_eus
[100%] [34m[1mGenerating Python msg __init__.py for geometry_msgs[0m
[100%] Built target geometry_msgs_generate_messages_py
[35m[1mScanning dependencies of target geometry_msgs_generate_messages[0m
[100%] Built target geometry_msgs_generate_messages
