Symlinking /home/jetson/catkin_ws/devel/include/geometry_msgs/Transform.h
Symlinking /home/jetson/catkin_ws/devel/include/geometry_msgs/Point.h
Symlinking /home/jetson/catkin_ws/devel/include/geometry_msgs/PointStamped.h
Symlinking /home/jetson/catkin_ws/devel/include/geometry_msgs/Accel.h
Symlinking /home/jetson/catkin_ws/devel/include/geometry_msgs/Vector3.h
Symlinking /home/jetson/catkin_ws/devel/include/geometry_msgs/TransformStamped.h
Symlinking /home/jetson/catkin_ws/devel/include/geometry_msgs/Polygon.h
Symlinking /home/jetson/catkin_ws/devel/include/geometry_msgs/WrenchStamped.h
Symlinking /home/jetson/catkin_ws/devel/include/geometry_msgs/PoseWithCovarianceStamped.h
Symlinking /home/jetson/catkin_ws/devel/include/geometry_msgs/PolygonStamped.h
Symlinking /home/jetson/catkin_ws/devel/include/geometry_msgs/PoseWithCovariance.h
Symlinking /home/jetson/catkin_ws/devel/include/geometry_msgs/Vector3Stamped.h
Symlinking /home/jetson/catkin_ws/devel/include/geometry_msgs/Point32.h
Symlinking /home/jetson/catkin_ws/devel/include/geometry_msgs/InertiaStamped.h
Symlinking /home/jetson/catkin_ws/devel/include/geometry_msgs/Twist.h
Symlinking /home/jetson/catkin_ws/devel/include/geometry_msgs/Inertia.h
Symlinking /home/jetson/catkin_ws/devel/include/geometry_msgs/Wrench.h
Symlinking /home/jetson/catkin_ws/devel/include/geometry_msgs/PoseArray.h
Symlinking /home/jetson/catkin_ws/devel/include/geometry_msgs/Pose2D.h
Symlinking /home/jetson/catkin_ws/devel/include/geometry_msgs/TwistStamped.h
Symlinking /home/jetson/catkin_ws/devel/include/geometry_msgs/PoseStamped.h
Symlinking /home/jetson/catkin_ws/devel/include/geometry_msgs/TwistWithCovariance.h
Symlinking /home/jetson/catkin_ws/devel/include/geometry_msgs/Quaternion.h
Symlinking /home/jetson/catkin_ws/devel/include/geometry_msgs/Pose.h
Symlinking /home/jetson/catkin_ws/devel/include/geometry_msgs/AccelWithCovariance.h
Symlinking /home/jetson/catkin_ws/devel/include/geometry_msgs/TwistWithCovarianceStamped.h
Symlinking /home/jetson/catkin_ws/devel/include/geometry_msgs/QuaternionStamped.h
Symlinking /home/jetson/catkin_ws/devel/include/geometry_msgs/AccelStamped.h
Symlinking /home/jetson/catkin_ws/devel/include/geometry_msgs/AccelWithCovarianceStamped.h
Symlinking /home/jetson/catkin_ws/devel/lib/pkgconfig/geometry_msgs.pc
Symlinking /home/jetson/catkin_ws/devel/lib/python3/dist-packages/geometry_msgs/__init__.py
Symlinking /home/jetson/catkin_ws/devel/lib/python3/dist-packages/geometry_msgs/msg/_PoseStamped.py
Symlinking /home/jetson/catkin_ws/devel/lib/python3/dist-packages/geometry_msgs/msg/_Vector3.py
Symlinking /home/jetson/catkin_ws/devel/lib/python3/dist-packages/geometry_msgs/msg/_Quaternion.py
Symlinking /home/jetson/catkin_ws/devel/lib/python3/dist-packages/geometry_msgs/msg/_PoseWithCovariance.py
Symlinking /home/jetson/catkin_ws/devel/lib/python3/dist-packages/geometry_msgs/msg/_Pose.py
Symlinking /home/jetson/catkin_ws/devel/lib/python3/dist-packages/geometry_msgs/msg/_Point.py
Symlinking /home/jetson/catkin_ws/devel/lib/python3/dist-packages/geometry_msgs/msg/_PoseWithCovarianceStamped.py
Symlinking /home/jetson/catkin_ws/devel/lib/python3/dist-packages/geometry_msgs/msg/_Point32.py
Symlinking /home/jetson/catkin_ws/devel/lib/python3/dist-packages/geometry_msgs/msg/_PointStamped.py
Symlinking /home/jetson/catkin_ws/devel/lib/python3/dist-packages/geometry_msgs/msg/_Vector3Stamped.py
Symlinking /home/jetson/catkin_ws/devel/lib/python3/dist-packages/geometry_msgs/msg/_TransformStamped.py
Symlinking /home/jetson/catkin_ws/devel/lib/python3/dist-packages/geometry_msgs/msg/_TwistStamped.py
Symlinking /home/jetson/catkin_ws/devel/lib/python3/dist-packages/geometry_msgs/msg/_PoseArray.py
Symlinking /home/jetson/catkin_ws/devel/lib/python3/dist-packages/geometry_msgs/msg/_AccelWithCovariance.py
Symlinking /home/jetson/catkin_ws/devel/lib/python3/dist-packages/geometry_msgs/msg/_Transform.py
Symlinking /home/jetson/catkin_ws/devel/lib/python3/dist-packages/geometry_msgs/msg/_Wrench.py
Symlinking /home/jetson/catkin_ws/devel/lib/python3/dist-packages/geometry_msgs/msg/_TwistWithCovariance.py
Symlinking /home/jetson/catkin_ws/devel/lib/python3/dist-packages/geometry_msgs/msg/_Accel.py
Symlinking /home/jetson/catkin_ws/devel/lib/python3/dist-packages/geometry_msgs/msg/_Pose2D.py
Symlinking /home/jetson/catkin_ws/devel/lib/python3/dist-packages/geometry_msgs/msg/_TwistWithCovarianceStamped.py
Symlinking /home/jetson/catkin_ws/devel/lib/python3/dist-packages/geometry_msgs/msg/_Twist.py
Symlinking /home/jetson/catkin_ws/devel/lib/python3/dist-packages/geometry_msgs/msg/_AccelWithCovarianceStamped.py
Symlinking /home/jetson/catkin_ws/devel/lib/python3/dist-packages/geometry_msgs/msg/_AccelStamped.py
Symlinking /home/jetson/catkin_ws/devel/lib/python3/dist-packages/geometry_msgs/msg/_QuaternionStamped.py
Symlinking /home/jetson/catkin_ws/devel/lib/python3/dist-packages/geometry_msgs/msg/_Inertia.py
Symlinking /home/jetson/catkin_ws/devel/lib/python3/dist-packages/geometry_msgs/msg/_WrenchStamped.py
Symlinking /home/jetson/catkin_ws/devel/lib/python3/dist-packages/geometry_msgs/msg/_Polygon.py
Symlinking /home/jetson/catkin_ws/devel/lib/python3/dist-packages/geometry_msgs/msg/__init__.py
Symlinking /home/jetson/catkin_ws/devel/lib/python3/dist-packages/geometry_msgs/msg/_InertiaStamped.py
Symlinking /home/jetson/catkin_ws/devel/lib/python3/dist-packages/geometry_msgs/msg/_PolygonStamped.py
Symlinking /home/jetson/catkin_ws/devel/share/roseus/ros/geometry_msgs/manifest.l
Symlinking /home/jetson/catkin_ws/devel/share/roseus/ros/geometry_msgs/msg/QuaternionStamped.l
Symlinking /home/jetson/catkin_ws/devel/share/roseus/ros/geometry_msgs/msg/TwistStamped.l
Symlinking /home/jetson/catkin_ws/devel/share/roseus/ros/geometry_msgs/msg/Twist.l
Symlinking /home/jetson/catkin_ws/devel/share/roseus/ros/geometry_msgs/msg/PolygonStamped.l
Symlinking /home/jetson/catkin_ws/devel/share/roseus/ros/geometry_msgs/msg/Transform.l
Symlinking /home/jetson/catkin_ws/devel/share/roseus/ros/geometry_msgs/msg/InertiaStamped.l
Symlinking /home/jetson/catkin_ws/devel/share/roseus/ros/geometry_msgs/msg/AccelWithCovariance.l
Symlinking /home/jetson/catkin_ws/devel/share/roseus/ros/geometry_msgs/msg/Wrench.l
Symlinking /home/jetson/catkin_ws/devel/share/roseus/ros/geometry_msgs/msg/Inertia.l
Symlinking /home/jetson/catkin_ws/devel/share/roseus/ros/geometry_msgs/msg/AccelWithCovarianceStamped.l
Symlinking /home/jetson/catkin_ws/devel/share/roseus/ros/geometry_msgs/msg/Accel.l
Symlinking /home/jetson/catkin_ws/devel/share/roseus/ros/geometry_msgs/msg/WrenchStamped.l
Symlinking /home/jetson/catkin_ws/devel/share/roseus/ros/geometry_msgs/msg/PoseWithCovariance.l
Symlinking /home/jetson/catkin_ws/devel/share/roseus/ros/geometry_msgs/msg/Pose2D.l
Symlinking /home/jetson/catkin_ws/devel/share/roseus/ros/geometry_msgs/msg/Vector3Stamped.l
Symlinking /home/jetson/catkin_ws/devel/share/roseus/ros/geometry_msgs/msg/AccelStamped.l
Symlinking /home/jetson/catkin_ws/devel/share/roseus/ros/geometry_msgs/msg/PoseWithCovarianceStamped.l
Symlinking /home/jetson/catkin_ws/devel/share/roseus/ros/geometry_msgs/msg/PoseArray.l
Symlinking /home/jetson/catkin_ws/devel/share/roseus/ros/geometry_msgs/msg/Point.l
Symlinking /home/jetson/catkin_ws/devel/share/roseus/ros/geometry_msgs/msg/Pose.l
Symlinking /home/jetson/catkin_ws/devel/share/roseus/ros/geometry_msgs/msg/TwistWithCovariance.l
Symlinking /home/jetson/catkin_ws/devel/share/roseus/ros/geometry_msgs/msg/Polygon.l
Symlinking /home/jetson/catkin_ws/devel/share/roseus/ros/geometry_msgs/msg/TransformStamped.l
Symlinking /home/jetson/catkin_ws/devel/share/roseus/ros/geometry_msgs/msg/Vector3.l
Symlinking /home/jetson/catkin_ws/devel/share/roseus/ros/geometry_msgs/msg/PoseStamped.l
Symlinking /home/jetson/catkin_ws/devel/share/roseus/ros/geometry_msgs/msg/Quaternion.l
Symlinking /home/jetson/catkin_ws/devel/share/roseus/ros/geometry_msgs/msg/PointStamped.l
Symlinking /home/jetson/catkin_ws/devel/share/roseus/ros/geometry_msgs/msg/TwistWithCovarianceStamped.l
Symlinking /home/jetson/catkin_ws/devel/share/roseus/ros/geometry_msgs/msg/Point32.l
Symlinking /home/jetson/catkin_ws/devel/share/gennodejs/ros/geometry_msgs/_index.js
Symlinking /home/jetson/catkin_ws/devel/share/gennodejs/ros/geometry_msgs/msg/TransformStamped.js
Symlinking /home/jetson/catkin_ws/devel/share/gennodejs/ros/geometry_msgs/msg/WrenchStamped.js
Symlinking /home/jetson/catkin_ws/devel/share/gennodejs/ros/geometry_msgs/msg/Transform.js
Symlinking /home/jetson/catkin_ws/devel/share/gennodejs/ros/geometry_msgs/msg/PoseWithCovarianceStamped.js
Symlinking /home/jetson/catkin_ws/devel/share/gennodejs/ros/geometry_msgs/msg/Inertia.js
Symlinking /home/jetson/catkin_ws/devel/share/gennodejs/ros/geometry_msgs/msg/PointStamped.js
Symlinking /home/jetson/catkin_ws/devel/share/gennodejs/ros/geometry_msgs/msg/Point.js
Symlinking /home/jetson/catkin_ws/devel/share/gennodejs/ros/geometry_msgs/msg/TwistWithCovarianceStamped.js
Symlinking /home/jetson/catkin_ws/devel/share/gennodejs/ros/geometry_msgs/msg/Twist.js
Symlinking /home/jetson/catkin_ws/devel/share/gennodejs/ros/geometry_msgs/msg/PoseStamped.js
Symlinking /home/jetson/catkin_ws/devel/share/gennodejs/ros/geometry_msgs/msg/PoseArray.js
Symlinking /home/jetson/catkin_ws/devel/share/gennodejs/ros/geometry_msgs/msg/InertiaStamped.js
Symlinking /home/jetson/catkin_ws/devel/share/gennodejs/ros/geometry_msgs/msg/Accel.js
Symlinking /home/jetson/catkin_ws/devel/share/gennodejs/ros/geometry_msgs/msg/Pose2D.js
Symlinking /home/jetson/catkin_ws/devel/share/gennodejs/ros/geometry_msgs/msg/TwistStamped.js
Symlinking /home/jetson/catkin_ws/devel/share/gennodejs/ros/geometry_msgs/msg/PolygonStamped.js
Symlinking /home/jetson/catkin_ws/devel/share/gennodejs/ros/geometry_msgs/msg/Vector3.js
Symlinking /home/jetson/catkin_ws/devel/share/gennodejs/ros/geometry_msgs/msg/Polygon.js
Symlinking /home/jetson/catkin_ws/devel/share/gennodejs/ros/geometry_msgs/msg/AccelWithCovariance.js
Symlinking /home/jetson/catkin_ws/devel/share/gennodejs/ros/geometry_msgs/msg/_index.js
Symlinking /home/jetson/catkin_ws/devel/share/gennodejs/ros/geometry_msgs/msg/Quaternion.js
Symlinking /home/jetson/catkin_ws/devel/share/gennodejs/ros/geometry_msgs/msg/Point32.js
Symlinking /home/jetson/catkin_ws/devel/share/gennodejs/ros/geometry_msgs/msg/AccelWithCovarianceStamped.js
Symlinking /home/jetson/catkin_ws/devel/share/gennodejs/ros/geometry_msgs/msg/PoseWithCovariance.js
Symlinking /home/jetson/catkin_ws/devel/share/gennodejs/ros/geometry_msgs/msg/AccelStamped.js
Symlinking /home/jetson/catkin_ws/devel/share/gennodejs/ros/geometry_msgs/msg/QuaternionStamped.js
Symlinking /home/jetson/catkin_ws/devel/share/gennodejs/ros/geometry_msgs/msg/Pose.js
Symlinking /home/jetson/catkin_ws/devel/share/gennodejs/ros/geometry_msgs/msg/Vector3Stamped.js
Symlinking /home/jetson/catkin_ws/devel/share/gennodejs/ros/geometry_msgs/msg/TwistWithCovariance.js
Symlinking /home/jetson/catkin_ws/devel/share/gennodejs/ros/geometry_msgs/msg/Wrench.js
Symlinking /home/jetson/catkin_ws/devel/share/common-lisp/ros/geometry_msgs/msg/_package_TwistWithCovariance.lisp
Symlinking /home/jetson/catkin_ws/devel/share/common-lisp/ros/geometry_msgs/msg/_package_Transform.lisp
Symlinking /home/jetson/catkin_ws/devel/share/common-lisp/ros/geometry_msgs/msg/_package_TransformStamped.lisp
Symlinking /home/jetson/catkin_ws/devel/share/common-lisp/ros/geometry_msgs/msg/Pose.lisp
Symlinking /home/jetson/catkin_ws/devel/share/common-lisp/ros/geometry_msgs/msg/TwistWithCovariance.lisp
Symlinking /home/jetson/catkin_ws/devel/share/common-lisp/ros/geometry_msgs/msg/_package_PoseWithCovariance.lisp
Symlinking /home/jetson/catkin_ws/devel/share/common-lisp/ros/geometry_msgs/msg/_package_Polygon.lisp
Symlinking /home/jetson/catkin_ws/devel/share/common-lisp/ros/geometry_msgs/msg/PoseArray.lisp
Symlinking /home/jetson/catkin_ws/devel/share/common-lisp/ros/geometry_msgs/msg/TransformStamped.lisp
Symlinking /home/jetson/catkin_ws/devel/share/common-lisp/ros/geometry_msgs/msg/PoseWithCovariance.lisp
Symlinking /home/jetson/catkin_ws/devel/share/common-lisp/ros/geometry_msgs/msg/_package_Point32.lisp
Symlinking /home/jetson/catkin_ws/devel/share/common-lisp/ros/geometry_msgs/msg/Twist.lisp
Symlinking /home/jetson/catkin_ws/devel/share/common-lisp/ros/geometry_msgs/msg/_package_TwistStamped.lisp
Symlinking /home/jetson/catkin_ws/devel/share/common-lisp/ros/geometry_msgs/msg/InertiaStamped.lisp
Symlinking /home/jetson/catkin_ws/devel/share/common-lisp/ros/geometry_msgs/msg/Point.lisp
Symlinking /home/jetson/catkin_ws/devel/share/common-lisp/ros/geometry_msgs/msg/_package_Inertia.lisp
Symlinking /home/jetson/catkin_ws/devel/share/common-lisp/ros/geometry_msgs/msg/_package_AccelStamped.lisp
Symlinking /home/jetson/catkin_ws/devel/share/common-lisp/ros/geometry_msgs/msg/AccelWithCovarianceStamped.lisp
Symlinking /home/jetson/catkin_ws/devel/share/common-lisp/ros/geometry_msgs/msg/Inertia.lisp
Symlinking /home/jetson/catkin_ws/devel/share/common-lisp/ros/geometry_msgs/msg/_package_PoseWithCovarianceStamped.lisp
Symlinking /home/jetson/catkin_ws/devel/share/common-lisp/ros/geometry_msgs/msg/Point32.lisp
Symlinking /home/jetson/catkin_ws/devel/share/common-lisp/ros/geometry_msgs/msg/_package_AccelWithCovarianceStamped.lisp
Symlinking /home/jetson/catkin_ws/devel/share/common-lisp/ros/geometry_msgs/msg/Quaternion.lisp
Symlinking /home/jetson/catkin_ws/devel/share/common-lisp/ros/geometry_msgs/msg/_package_Pose.lisp
Symlinking /home/jetson/catkin_ws/devel/share/common-lisp/ros/geometry_msgs/msg/PoseStamped.lisp
Symlinking /home/jetson/catkin_ws/devel/share/common-lisp/ros/geometry_msgs/msg/_package_Point.lisp
Symlinking /home/jetson/catkin_ws/devel/share/common-lisp/ros/geometry_msgs/msg/Pose2D.lisp
Symlinking /home/jetson/catkin_ws/devel/share/common-lisp/ros/geometry_msgs/msg/_package_QuaternionStamped.lisp
Symlinking /home/jetson/catkin_ws/devel/share/common-lisp/ros/geometry_msgs/msg/_package_PointStamped.lisp
Symlinking /home/jetson/catkin_ws/devel/share/common-lisp/ros/geometry_msgs/msg/_package_AccelWithCovariance.lisp
Symlinking /home/jetson/catkin_ws/devel/share/common-lisp/ros/geometry_msgs/msg/_package.lisp
Symlinking /home/jetson/catkin_ws/devel/share/common-lisp/ros/geometry_msgs/msg/_package_Vector3Stamped.lisp
Symlinking /home/jetson/catkin_ws/devel/share/common-lisp/ros/geometry_msgs/msg/PointStamped.lisp
Symlinking /home/jetson/catkin_ws/devel/share/common-lisp/ros/geometry_msgs/msg/_package_Wrench.lisp
Symlinking /home/jetson/catkin_ws/devel/share/common-lisp/ros/geometry_msgs/msg/AccelStamped.lisp
Symlinking /home/jetson/catkin_ws/devel/share/common-lisp/ros/geometry_msgs/msg/Polygon.lisp
Symlinking /home/jetson/catkin_ws/devel/share/common-lisp/ros/geometry_msgs/msg/TwistWithCovarianceStamped.lisp
Symlinking /home/jetson/catkin_ws/devel/share/common-lisp/ros/geometry_msgs/msg/Vector3.lisp
Symlinking /home/jetson/catkin_ws/devel/share/common-lisp/ros/geometry_msgs/msg/PolygonStamped.lisp
Symlinking /home/jetson/catkin_ws/devel/share/common-lisp/ros/geometry_msgs/msg/_package_InertiaStamped.lisp
Symlinking /home/jetson/catkin_ws/devel/share/common-lisp/ros/geometry_msgs/msg/Transform.lisp
Symlinking /home/jetson/catkin_ws/devel/share/common-lisp/ros/geometry_msgs/msg/_package_PoseStamped.lisp
Symlinking /home/jetson/catkin_ws/devel/share/common-lisp/ros/geometry_msgs/msg/PoseWithCovarianceStamped.lisp
Symlinking /home/jetson/catkin_ws/devel/share/common-lisp/ros/geometry_msgs/msg/_package_Vector3.lisp
Symlinking /home/jetson/catkin_ws/devel/share/common-lisp/ros/geometry_msgs/msg/geometry_msgs-msg.asd
Symlinking /home/jetson/catkin_ws/devel/share/common-lisp/ros/geometry_msgs/msg/Wrench.lisp
Symlinking /home/jetson/catkin_ws/devel/share/common-lisp/ros/geometry_msgs/msg/_package_Quaternion.lisp
Symlinking /home/jetson/catkin_ws/devel/share/common-lisp/ros/geometry_msgs/msg/_package_Accel.lisp
Symlinking /home/jetson/catkin_ws/devel/share/common-lisp/ros/geometry_msgs/msg/Accel.lisp
Symlinking /home/jetson/catkin_ws/devel/share/common-lisp/ros/geometry_msgs/msg/WrenchStamped.lisp
Symlinking /home/jetson/catkin_ws/devel/share/common-lisp/ros/geometry_msgs/msg/_package_Twist.lisp
Symlinking /home/jetson/catkin_ws/devel/share/common-lisp/ros/geometry_msgs/msg/_package_PoseArray.lisp
Symlinking /home/jetson/catkin_ws/devel/share/common-lisp/ros/geometry_msgs/msg/Vector3Stamped.lisp
Symlinking /home/jetson/catkin_ws/devel/share/common-lisp/ros/geometry_msgs/msg/_package_TwistWithCovarianceStamped.lisp
Symlinking /home/jetson/catkin_ws/devel/share/common-lisp/ros/geometry_msgs/msg/_package_Pose2D.lisp
Symlinking /home/jetson/catkin_ws/devel/share/common-lisp/ros/geometry_msgs/msg/QuaternionStamped.lisp
Symlinking /home/jetson/catkin_ws/devel/share/common-lisp/ros/geometry_msgs/msg/TwistStamped.lisp
Symlinking /home/jetson/catkin_ws/devel/share/common-lisp/ros/geometry_msgs/msg/_package_PolygonStamped.lisp
Symlinking /home/jetson/catkin_ws/devel/share/common-lisp/ros/geometry_msgs/msg/_package_WrenchStamped.lisp
Symlinking /home/jetson/catkin_ws/devel/share/common-lisp/ros/geometry_msgs/msg/AccelWithCovariance.lisp
Symlinking /home/jetson/catkin_ws/devel/share/geometry_msgs/cmake/geometry_msgsConfig.cmake
Symlinking /home/jetson/catkin_ws/devel/share/geometry_msgs/cmake/geometry_msgs-msg-extras.cmake
Symlinking /home/jetson/catkin_ws/devel/share/geometry_msgs/cmake/geometry_msgs-msg-paths.cmake
Symlinking /home/jetson/catkin_ws/devel/share/geometry_msgs/cmake/geometry_msgsConfig-version.cmake
