Linked: (/home/jetson/catkin_ws/devel/.private/actionlib_msgs/include/actionlib_msgs/GoalStatus.h, /home/jetson/catkin_ws/devel/include/actionlib_msgs/GoalStatus.h)
Linked: (/home/jetson/catkin_ws/devel/.private/actionlib_msgs/include/actionlib_msgs/GoalStatusArray.h, /home/jetson/catkin_ws/devel/include/actionlib_msgs/GoalStatusArray.h)
Linked: (/home/jetson/catkin_ws/devel/.private/actionlib_msgs/include/actionlib_msgs/GoalID.h, /home/jetson/catkin_ws/devel/include/actionlib_msgs/GoalID.h)
Linked: (/home/jetson/catkin_ws/devel/.private/actionlib_msgs/lib/pkgconfig/actionlib_msgs.pc, /home/jetson/catkin_ws/devel/lib/pkgconfig/actionlib_msgs.pc)
Linked: (/home/jetson/catkin_ws/devel/.private/actionlib_msgs/lib/python3/dist-packages/actionlib_msgs/__init__.py, /home/jetson/catkin_ws/devel/lib/python3/dist-packages/actionlib_msgs/__init__.py)
Linked: (/home/jetson/catkin_ws/devel/.private/actionlib_msgs/lib/python3/dist-packages/actionlib_msgs/msg/_GoalStatusArray.py, /home/jetson/catkin_ws/devel/lib/python3/dist-packages/actionlib_msgs/msg/_GoalStatusArray.py)
Linked: (/home/jetson/catkin_ws/devel/.private/actionlib_msgs/lib/python3/dist-packages/actionlib_msgs/msg/_GoalStatus.py, /home/jetson/catkin_ws/devel/lib/python3/dist-packages/actionlib_msgs/msg/_GoalStatus.py)
Linked: (/home/jetson/catkin_ws/devel/.private/actionlib_msgs/lib/python3/dist-packages/actionlib_msgs/msg/_GoalID.py, /home/jetson/catkin_ws/devel/lib/python3/dist-packages/actionlib_msgs/msg/_GoalID.py)
Linked: (/home/jetson/catkin_ws/devel/.private/actionlib_msgs/lib/python3/dist-packages/actionlib_msgs/msg/__init__.py, /home/jetson/catkin_ws/devel/lib/python3/dist-packages/actionlib_msgs/msg/__init__.py)
Linked: (/home/jetson/catkin_ws/devel/.private/actionlib_msgs/lib/actionlib_msgs/cmake.lock, /home/jetson/catkin_ws/devel/lib/actionlib_msgs/cmake.lock)
Linked: (/home/jetson/catkin_ws/devel/.private/actionlib_msgs/lib/actionlib_msgs/genaction.py, /home/jetson/catkin_ws/devel/lib/actionlib_msgs/genaction.py)
Linked: (/home/jetson/catkin_ws/devel/.private/actionlib_msgs/share/roseus/ros/actionlib_msgs/manifest.l, /home/jetson/catkin_ws/devel/share/roseus/ros/actionlib_msgs/manifest.l)
Linked: (/home/jetson/catkin_ws/devel/.private/actionlib_msgs/share/roseus/ros/actionlib_msgs/msg/GoalStatus.l, /home/jetson/catkin_ws/devel/share/roseus/ros/actionlib_msgs/msg/GoalStatus.l)
Linked: (/home/jetson/catkin_ws/devel/.private/actionlib_msgs/share/roseus/ros/actionlib_msgs/msg/GoalID.l, /home/jetson/catkin_ws/devel/share/roseus/ros/actionlib_msgs/msg/GoalID.l)
Linked: (/home/jetson/catkin_ws/devel/.private/actionlib_msgs/share/roseus/ros/actionlib_msgs/msg/GoalStatusArray.l, /home/jetson/catkin_ws/devel/share/roseus/ros/actionlib_msgs/msg/GoalStatusArray.l)
Linked: (/home/jetson/catkin_ws/devel/.private/actionlib_msgs/share/gennodejs/ros/actionlib_msgs/_index.js, /home/jetson/catkin_ws/devel/share/gennodejs/ros/actionlib_msgs/_index.js)
Linked: (/home/jetson/catkin_ws/devel/.private/actionlib_msgs/share/gennodejs/ros/actionlib_msgs/msg/GoalStatusArray.js, /home/jetson/catkin_ws/devel/share/gennodejs/ros/actionlib_msgs/msg/GoalStatusArray.js)
Linked: (/home/jetson/catkin_ws/devel/.private/actionlib_msgs/share/gennodejs/ros/actionlib_msgs/msg/_index.js, /home/jetson/catkin_ws/devel/share/gennodejs/ros/actionlib_msgs/msg/_index.js)
Linked: (/home/jetson/catkin_ws/devel/.private/actionlib_msgs/share/gennodejs/ros/actionlib_msgs/msg/GoalStatus.js, /home/jetson/catkin_ws/devel/share/gennodejs/ros/actionlib_msgs/msg/GoalStatus.js)
Linked: (/home/jetson/catkin_ws/devel/.private/actionlib_msgs/share/gennodejs/ros/actionlib_msgs/msg/GoalID.js, /home/jetson/catkin_ws/devel/share/gennodejs/ros/actionlib_msgs/msg/GoalID.js)
Linked: (/home/jetson/catkin_ws/devel/.private/actionlib_msgs/share/common-lisp/ros/actionlib_msgs/msg/_package_GoalStatusArray.lisp, /home/jetson/catkin_ws/devel/share/common-lisp/ros/actionlib_msgs/msg/_package_GoalStatusArray.lisp)
Linked: (/home/jetson/catkin_ws/devel/.private/actionlib_msgs/share/common-lisp/ros/actionlib_msgs/msg/actionlib_msgs-msg.asd, /home/jetson/catkin_ws/devel/share/common-lisp/ros/actionlib_msgs/msg/actionlib_msgs-msg.asd)
Linked: (/home/jetson/catkin_ws/devel/.private/actionlib_msgs/share/common-lisp/ros/actionlib_msgs/msg/GoalStatus.lisp, /home/jetson/catkin_ws/devel/share/common-lisp/ros/actionlib_msgs/msg/GoalStatus.lisp)
Linked: (/home/jetson/catkin_ws/devel/.private/actionlib_msgs/share/common-lisp/ros/actionlib_msgs/msg/GoalID.lisp, /home/jetson/catkin_ws/devel/share/common-lisp/ros/actionlib_msgs/msg/GoalID.lisp)
Linked: (/home/jetson/catkin_ws/devel/.private/actionlib_msgs/share/common-lisp/ros/actionlib_msgs/msg/_package.lisp, /home/jetson/catkin_ws/devel/share/common-lisp/ros/actionlib_msgs/msg/_package.lisp)
Linked: (/home/jetson/catkin_ws/devel/.private/actionlib_msgs/share/common-lisp/ros/actionlib_msgs/msg/_package_GoalID.lisp, /home/jetson/catkin_ws/devel/share/common-lisp/ros/actionlib_msgs/msg/_package_GoalID.lisp)
Linked: (/home/jetson/catkin_ws/devel/.private/actionlib_msgs/share/common-lisp/ros/actionlib_msgs/msg/_package_GoalStatus.lisp, /home/jetson/catkin_ws/devel/share/common-lisp/ros/actionlib_msgs/msg/_package_GoalStatus.lisp)
Linked: (/home/jetson/catkin_ws/devel/.private/actionlib_msgs/share/common-lisp/ros/actionlib_msgs/msg/GoalStatusArray.lisp, /home/jetson/catkin_ws/devel/share/common-lisp/ros/actionlib_msgs/msg/GoalStatusArray.lisp)
Linked: (/home/jetson/catkin_ws/devel/.private/actionlib_msgs/share/actionlib_msgs/cmake/actionlib_msgs-extras.cmake, /home/jetson/catkin_ws/devel/share/actionlib_msgs/cmake/actionlib_msgs-extras.cmake)
Linked: (/home/jetson/catkin_ws/devel/.private/actionlib_msgs/share/actionlib_msgs/cmake/actionlib_msgsConfig.cmake, /home/jetson/catkin_ws/devel/share/actionlib_msgs/cmake/actionlib_msgsConfig.cmake)
Linked: (/home/jetson/catkin_ws/devel/.private/actionlib_msgs/share/actionlib_msgs/cmake/actionlib_msgs-msg-paths.cmake, /home/jetson/catkin_ws/devel/share/actionlib_msgs/cmake/actionlib_msgs-msg-paths.cmake)
Linked: (/home/jetson/catkin_ws/devel/.private/actionlib_msgs/share/actionlib_msgs/cmake/actionlib_msgs-msg-extras.cmake, /home/jetson/catkin_ws/devel/share/actionlib_msgs/cmake/actionlib_msgs-msg-extras.cmake)
Linked: (/home/jetson/catkin_ws/devel/.private/actionlib_msgs/share/actionlib_msgs/cmake/actionlib_msgsConfig-version.cmake, /home/jetson/catkin_ws/devel/share/actionlib_msgs/cmake/actionlib_msgsConfig-version.cmake)
